{"C:\\web developement\\blog\\app.js": {"path":"C:\\web developement\\blog\\app.js","statementMap":{"0":{"start":{"line":1,"column":16},"end":{"line":1,"column":34}},"1":{"start":{"line":2,"column":21},"end":{"line":2,"column":45}},"2":{"start":{"line":3,"column":13},"end":{"line":3,"column":28}},"3":{"start":{"line":4,"column":15},"end":{"line":4,"column":32}},"4":{"start":{"line":5,"column":20},"end":{"line":5,"column":45}},"5":{"start":{"line":6,"column":12},"end":{"line":6,"column":21}},"6":{"start":{"line":7,"column":11},"end":{"line":7,"column":27}},"7":{"start":{"line":9,"column":0},"end":{"line":9,"column":16}},"8":{"start":{"line":11,"column":0},"end":{"line":11,"column":76}},"9":{"start":{"line":11,"column":23},"end":{"line":11,"column":74}},"10":{"start":{"line":12,"column":0},"end":{"line":12,"column":24}},"11":{"start":{"line":13,"column":0},"end":{"line":13,"column":49}},"12":{"start":{"line":14,"column":0},"end":{"line":14,"column":24}},"13":{"start":{"line":15,"column":0},"end":{"line":15,"column":26}},"14":{"start":{"line":16,"column":0},"end":{"line":16,"column":21}}},"fnMap":{"0":{"name":"(anonymous_0)","decl":{"start":{"line":11,"column":17},"end":{"line":11,"column":18}},"loc":{"start":{"line":11,"column":23},"end":{"line":11,"column":74}},"line":11}},"branchMap":{},"s":{"0":2,"1":2,"2":2,"3":2,"4":2,"5":2,"6":2,"7":2,"8":2,"9":1,"10":2,"11":2,"12":2,"13":2,"14":2},"f":{"0":1},"b":{},"_coverageSchema":"1a1c01bbd47fc00a2c39e90264f33305004495a9","hash":"bc4dd67203e078d2325e2e173179eedaad43c069"}
,"C:\\web developement\\blog\\controller\\postController.js": {"path":"C:\\web developement\\blog\\controller\\postController.js","statementMap":{"0":{"start":{"line":1,"column":11},"end":{"line":1,"column":31}},"1":{"start":{"line":2,"column":19},"end":{"line":2,"column":47}},"2":{"start":{"line":3,"column":27},"end":{"line":3,"column":65}},"3":{"start":{"line":4,"column":13},"end":{"line":4,"column":20}},"4":{"start":{"line":5,"column":13},"end":{"line":5,"column":20}},"5":{"start":{"line":6,"column":15},"end":{"line":6,"column":35}},"6":{"start":{"line":8,"column":0},"end":{"line":32,"column":2}},"7":{"start":{"line":9,"column":2},"end":{"line":16,"column":3}},"8":{"start":{"line":10,"column":4},"end":{"line":10,"column":20}},"9":{"start":{"line":11,"column":4},"end":{"line":14,"column":6}},"10":{"start":{"line":15,"column":4},"end":{"line":15,"column":11}},"11":{"start":{"line":17,"column":8},"end":{"line":17,"column":18}},"12":{"start":{"line":18,"column":13},"end":{"line":18,"column":61}},"13":{"start":{"line":19,"column":2},"end":{"line":19,"column":19}},"14":{"start":{"line":20,"column":15},"end":{"line":25,"column":4}},"15":{"start":{"line":26,"column":2},"end":{"line":26,"column":18}},"16":{"start":{"line":27,"column":2},"end":{"line":31,"column":4}},"17":{"start":{"line":34,"column":0},"end":{"line":48,"column":2}},"18":{"start":{"line":35,"column":2},"end":{"line":35,"column":43}},"19":{"start":{"line":36,"column":16},"end":{"line":36,"column":36}},"20":{"start":{"line":37,"column":2},"end":{"line":47,"column":3}},"21":{"start":{"line":38,"column":4},"end":{"line":38,"column":20}},"22":{"start":{"line":39,"column":4},"end":{"line":39,"column":35}},"23":{"start":{"line":42,"column":4},"end":{"line":42,"column":20}},"24":{"start":{"line":43,"column":4},"end":{"line":46,"column":7}},"25":{"start":{"line":50,"column":0},"end":{"line":67,"column":2}},"26":{"start":{"line":51,"column":16},"end":{"line":55,"column":4}},"27":{"start":{"line":56,"column":2},"end":{"line":66,"column":3}},"28":{"start":{"line":57,"column":4},"end":{"line":57,"column":20}},"29":{"start":{"line":58,"column":4},"end":{"line":58,"column":35}},"30":{"start":{"line":61,"column":4},"end":{"line":61,"column":20}},"31":{"start":{"line":62,"column":4},"end":{"line":65,"column":7}},"32":{"start":{"line":69,"column":0},"end":{"line":86,"column":2}},"33":{"start":{"line":71,"column":16},"end":{"line":80,"column":4}},"34":{"start":{"line":81,"column":2},"end":{"line":84,"column":38}},"35":{"start":{"line":81,"column":20},"end":{"line":81,"column":36}},"36":{"start":{"line":82,"column":4},"end":{"line":82,"column":37}},"37":{"start":{"line":83,"column":9},"end":{"line":83,"column":25}},"38":{"start":{"line":84,"column":4},"end":{"line":84,"column":36}},"39":{"start":{"line":88,"column":0},"end":{"line":101,"column":2}},"40":{"start":{"line":90,"column":16},"end":{"line":95,"column":4}},"41":{"start":{"line":96,"column":2},"end":{"line":99,"column":38}},"42":{"start":{"line":96,"column":20},"end":{"line":96,"column":36}},"43":{"start":{"line":97,"column":4},"end":{"line":97,"column":37}},"44":{"start":{"line":98,"column":9},"end":{"line":98,"column":25}},"45":{"start":{"line":99,"column":4},"end":{"line":99,"column":36}}},"fnMap":{"0":{"name":"(anonymous_0)","decl":{"start":{"line":8,"column":21},"end":{"line":8,"column":22}},"loc":{"start":{"line":8,"column":41},"end":{"line":32,"column":1}},"line":8},"1":{"name":"(anonymous_1)","decl":{"start":{"line":34,"column":19},"end":{"line":34,"column":20}},"loc":{"start":{"line":34,"column":39},"end":{"line":48,"column":1}},"line":34},"2":{"name":"(anonymous_2)","decl":{"start":{"line":50,"column":24},"end":{"line":50,"column":25}},"loc":{"start":{"line":50,"column":44},"end":{"line":67,"column":1}},"line":50},"3":{"name":"(anonymous_3)","decl":{"start":{"line":69,"column":21},"end":{"line":69,"column":22}},"loc":{"start":{"line":69,"column":41},"end":{"line":86,"column":1}},"line":69},"4":{"name":"(anonymous_4)","decl":{"start":{"line":88,"column":21},"end":{"line":88,"column":22}},"loc":{"start":{"line":88,"column":41},"end":{"line":101,"column":1}},"line":88}},"branchMap":{"0":{"loc":{"start":{"line":9,"column":2},"end":{"line":16,"column":3}},"type":"if","locations":[{"start":{"line":9,"column":2},"end":{"line":16,"column":3}},{"start":{"line":9,"column":2},"end":{"line":16,"column":3}}],"line":9},"1":{"loc":{"start":{"line":9,"column":6},"end":{"line":9,"column":40}},"type":"binary-expr","locations":[{"start":{"line":9,"column":6},"end":{"line":9,"column":21}},{"start":{"line":9,"column":25},"end":{"line":9,"column":40}}],"line":9},"2":{"loc":{"start":{"line":37,"column":2},"end":{"line":47,"column":3}},"type":"if","locations":[{"start":{"line":37,"column":2},"end":{"line":47,"column":3}},{"start":{"line":37,"column":2},"end":{"line":47,"column":3}}],"line":37},"3":{"loc":{"start":{"line":56,"column":2},"end":{"line":66,"column":3}},"type":"if","locations":[{"start":{"line":56,"column":2},"end":{"line":66,"column":3}},{"start":{"line":56,"column":2},"end":{"line":66,"column":3}}],"line":56},"4":{"loc":{"start":{"line":81,"column":2},"end":{"line":84,"column":38}},"type":"if","locations":[{"start":{"line":81,"column":2},"end":{"line":84,"column":38}},{"start":{"line":81,"column":2},"end":{"line":84,"column":38}}],"line":81},"5":{"loc":{"start":{"line":96,"column":2},"end":{"line":99,"column":38}},"type":"if","locations":[{"start":{"line":96,"column":2},"end":{"line":99,"column":38}},{"start":{"line":96,"column":2},"end":{"line":99,"column":38}}],"line":96}},"s":{"0":3,"1":3,"2":3,"3":3,"4":3,"5":3,"6":3,"7":3,"8":1,"9":1,"10":1,"11":2,"12":2,"13":2,"14":2,"15":2,"16":2,"17":3,"18":9,"19":9,"20":9,"21":8,"22":8,"23":1,"24":1,"25":3,"26":4,"27":4,"28":2,"29":2,"30":2,"31":2,"32":3,"33":3,"34":3,"35":2,"36":2,"37":1,"38":1,"39":3,"40":3,"41":3,"42":2,"43":2,"44":1,"45":1},"f":{"0":3,"1":9,"2":4,"3":3,"4":3},"b":{"0":[1,2],"1":[3,3],"2":[8,1],"3":[2,2],"4":[2,1],"5":[2,1]},"_coverageSchema":"1a1c01bbd47fc00a2c39e90264f33305004495a9","hash":"9d16f045cc8f90612a5499f46140c181bf72dad2"}
,"C:\\web developement\\blog\\controller\\userController.js": {"path":"C:\\web developement\\blog\\controller\\userController.js","statementMap":{"0":{"start":{"line":1,"column":11},"end":{"line":1,"column":31}},"1":{"start":{"line":2,"column":13},"end":{"line":2,"column":20}},"2":{"start":{"line":3,"column":20},"end":{"line":3,"column":53}},"3":{"start":{"line":4,"column":14},"end":{"line":4,"column":16}},"4":{"start":{"line":8,"column":0},"end":{"line":36,"column":2}},"5":{"start":{"line":9,"column":2},"end":{"line":15,"column":3}},"6":{"start":{"line":10,"column":4},"end":{"line":10,"column":20}},"7":{"start":{"line":11,"column":4},"end":{"line":13,"column":7}},"8":{"start":{"line":14,"column":4},"end":{"line":14,"column":11}},"9":{"start":{"line":16,"column":27},"end":{"line":23,"column":4}},"10":{"start":{"line":24,"column":2},"end":{"line":35,"column":3}},"11":{"start":{"line":25,"column":18},"end":{"line":25,"column":80}},"12":{"start":{"line":26,"column":4},"end":{"line":26,"column":50}},"13":{"start":{"line":27,"column":4},"end":{"line":27,"column":20}},"14":{"start":{"line":28,"column":4},"end":{"line":28,"column":54}},"15":{"start":{"line":32,"column":4},"end":{"line":32,"column":50}},"16":{"start":{"line":33,"column":4},"end":{"line":33,"column":20}},"17":{"start":{"line":34,"column":4},"end":{"line":34,"column":63}},"18":{"start":{"line":37,"column":0},"end":{"line":67,"column":2}},"19":{"start":{"line":38,"column":2},"end":{"line":44,"column":3}},"20":{"start":{"line":39,"column":4},"end":{"line":39,"column":20}},"21":{"start":{"line":40,"column":4},"end":{"line":42,"column":7}},"22":{"start":{"line":43,"column":4},"end":{"line":43,"column":11}},"23":{"start":{"line":45,"column":14},"end":{"line":50,"column":4}},"24":{"start":{"line":51,"column":2},"end":{"line":66,"column":3}},"25":{"start":{"line":52,"column":4},"end":{"line":52,"column":51}},"26":{"start":{"line":53,"column":4},"end":{"line":53,"column":20}},"27":{"start":{"line":54,"column":4},"end":{"line":56,"column":7}},"28":{"start":{"line":59,"column":24},"end":{"line":59,"column":86}},"29":{"start":{"line":60,"column":4},"end":{"line":60,"column":56}},"30":{"start":{"line":61,"column":4},"end":{"line":61,"column":20}},"31":{"start":{"line":62,"column":4},"end":{"line":64,"column":7}}},"fnMap":{"0":{"name":"(anonymous_0)","decl":{"start":{"line":8,"column":21},"end":{"line":8,"column":22}},"loc":{"start":{"line":8,"column":41},"end":{"line":36,"column":1}},"line":8},"1":{"name":"(anonymous_1)","decl":{"start":{"line":37,"column":20},"end":{"line":37,"column":21}},"loc":{"start":{"line":37,"column":40},"end":{"line":67,"column":1}},"line":37}},"branchMap":{"0":{"loc":{"start":{"line":9,"column":2},"end":{"line":15,"column":3}},"type":"if","locations":[{"start":{"line":9,"column":2},"end":{"line":15,"column":3}},{"start":{"line":9,"column":2},"end":{"line":15,"column":3}}],"line":9},"1":{"loc":{"start":{"line":9,"column":6},"end":{"line":9,"column":41}},"type":"binary-expr","locations":[{"start":{"line":9,"column":6},"end":{"line":9,"column":19}},{"start":{"line":9,"column":23},"end":{"line":9,"column":41}}],"line":9},"2":{"loc":{"start":{"line":24,"column":2},"end":{"line":35,"column":3}},"type":"if","locations":[{"start":{"line":24,"column":2},"end":{"line":35,"column":3}},{"start":{"line":24,"column":2},"end":{"line":35,"column":3}}],"line":24},"3":{"loc":{"start":{"line":38,"column":2},"end":{"line":44,"column":3}},"type":"if","locations":[{"start":{"line":38,"column":2},"end":{"line":44,"column":3}},{"start":{"line":38,"column":2},"end":{"line":44,"column":3}}],"line":38},"4":{"loc":{"start":{"line":38,"column":6},"end":{"line":38,"column":41}},"type":"binary-expr","locations":[{"start":{"line":38,"column":6},"end":{"line":38,"column":19}},{"start":{"line":38,"column":23},"end":{"line":38,"column":41}}],"line":38},"5":{"loc":{"start":{"line":51,"column":2},"end":{"line":66,"column":3}},"type":"if","locations":[{"start":{"line":51,"column":2},"end":{"line":66,"column":3}},{"start":{"line":51,"column":2},"end":{"line":66,"column":3}}],"line":51}},"s":{"0":3,"1":3,"2":3,"3":3,"4":3,"5":6,"6":2,"7":2,"8":2,"9":4,"10":4,"11":2,"12":2,"13":2,"14":2,"15":2,"16":2,"17":2,"18":3,"19":6,"20":1,"21":1,"22":1,"23":5,"24":5,"25":3,"26":3,"27":3,"28":2,"29":2,"30":2,"31":2},"f":{"0":6,"1":6},"b":{"0":[2,4],"1":[6,6],"2":[2,2],"3":[1,5],"4":[6,6],"5":[3,2]},"_coverageSchema":"1a1c01bbd47fc00a2c39e90264f33305004495a9","hash":"fc8b7c70c2108b5845bd188e0201bedd2b307425"}
,"C:\\web developement\\blog\\middleware\\authenticateToken.js": {"path":"C:\\web developement\\blog\\middleware\\authenticateToken.js","statementMap":{"0":{"start":{"line":1,"column":12},"end":{"line":1,"column":35}},"1":{"start":{"line":3,"column":2},"end":{"line":3,"column":39}},"2":{"start":{"line":4,"column":2},"end":{"line":4,"column":47}},"3":{"start":{"line":4,"column":21},"end":{"line":4,"column":47}},"4":{"start":{"line":5,"column":2},"end":{"line":10,"column":4}},"5":{"start":{"line":6,"column":4},"end":{"line":6,"column":39}},"6":{"start":{"line":6,"column":13},"end":{"line":6,"column":39}},"7":{"start":{"line":7,"column":4},"end":{"line":7,"column":19}},"8":{"start":{"line":8,"column":4},"end":{"line":8,"column":30}},"9":{"start":{"line":9,"column":4},"end":{"line":9,"column":10}},"10":{"start":{"line":12,"column":0},"end":{"line":12,"column":35}}},"fnMap":{"0":{"name":"authenticateToken","decl":{"start":{"line":2,"column":9},"end":{"line":2,"column":26}},"loc":{"start":{"line":2,"column":43},"end":{"line":11,"column":1}},"line":2},"1":{"name":"(anonymous_1)","decl":{"start":{"line":5,"column":46},"end":{"line":5,"column":47}},"loc":{"start":{"line":5,"column":61},"end":{"line":10,"column":3}},"line":5}},"branchMap":{"0":{"loc":{"start":{"line":4,"column":2},"end":{"line":4,"column":47}},"type":"if","locations":[{"start":{"line":4,"column":2},"end":{"line":4,"column":47}},{"start":{"line":4,"column":2},"end":{"line":4,"column":47}}],"line":4},"1":{"loc":{"start":{"line":6,"column":4},"end":{"line":6,"column":39}},"type":"if","locations":[{"start":{"line":6,"column":4},"end":{"line":6,"column":39}},{"start":{"line":6,"column":4},"end":{"line":6,"column":39}}],"line":6}},"s":{"0":2,"1":7,"2":7,"3":1,"4":6,"5":6,"6":3,"7":3,"8":3,"9":3,"10":2},"f":{"0":7,"1":6},"b":{"0":[1,6],"1":[3,3]},"_coverageSchema":"1a1c01bbd47fc00a2c39e90264f33305004495a9","hash":"e0b3bbeb3e127a97cdd9b1166af24c1a9898ae58"}
,"C:\\web developement\\blog\\models\\index.js": {"path":"C:\\web developement\\blog\\models\\index.js","statementMap":{"0":{"start":{"line":3,"column":11},"end":{"line":3,"column":24}},"1":{"start":{"line":4,"column":13},"end":{"line":4,"column":28}},"2":{"start":{"line":5,"column":18},"end":{"line":5,"column":38}},"3":{"start":{"line":6,"column":17},"end":{"line":6,"column":42}},"4":{"start":{"line":7,"column":12},"end":{"line":7,"column":49}},"5":{"start":{"line":8,"column":15},"end":{"line":8,"column":65}},"6":{"start":{"line":9,"column":11},"end":{"line":9,"column":13}},"7":{"start":{"line":12,"column":0},"end":{"line":16,"column":1}},"8":{"start":{"line":13,"column":2},"end":{"line":13,"column":74}},"9":{"start":{"line":15,"column":2},"end":{"line":15,"column":87}},"10":{"start":{"line":18,"column":0},"end":{"line":26,"column":5}},"11":{"start":{"line":21,"column":4},"end":{"line":21,"column":90}},"12":{"start":{"line":24,"column":18},"end":{"line":24,"column":85}},"13":{"start":{"line":25,"column":4},"end":{"line":25,"column":27}},"14":{"start":{"line":28,"column":0},"end":{"line":32,"column":3}},"15":{"start":{"line":29,"column":2},"end":{"line":31,"column":3}},"16":{"start":{"line":30,"column":4},"end":{"line":30,"column":32}},"17":{"start":{"line":33,"column":0},"end":{"line":38,"column":1}},"18":{"start":{"line":34,"column":2},"end":{"line":34,"column":27}},"19":{"start":{"line":35,"column":1},"end":{"line":35,"column":62}},"20":{"start":{"line":37,"column":1},"end":{"line":37,"column":60}},"21":{"start":{"line":39,"column":0},"end":{"line":39,"column":25}},"22":{"start":{"line":40,"column":0},"end":{"line":40,"column":25}},"23":{"start":{"line":42,"column":0},"end":{"line":42,"column":20}}},"fnMap":{"0":{"name":"(anonymous_0)","decl":{"start":{"line":20,"column":10},"end":{"line":20,"column":11}},"loc":{"start":{"line":20,"column":18},"end":{"line":22,"column":3}},"line":20},"1":{"name":"(anonymous_1)","decl":{"start":{"line":23,"column":11},"end":{"line":23,"column":12}},"loc":{"start":{"line":23,"column":19},"end":{"line":26,"column":3}},"line":23},"2":{"name":"(anonymous_2)","decl":{"start":{"line":28,"column":24},"end":{"line":28,"column":25}},"loc":{"start":{"line":28,"column":37},"end":{"line":32,"column":1}},"line":28}},"branchMap":{"0":{"loc":{"start":{"line":7,"column":12},"end":{"line":7,"column":49}},"type":"binary-expr","locations":[{"start":{"line":7,"column":12},"end":{"line":7,"column":32}},{"start":{"line":7,"column":36},"end":{"line":7,"column":49}}],"line":7},"1":{"loc":{"start":{"line":12,"column":0},"end":{"line":16,"column":1}},"type":"if","locations":[{"start":{"line":12,"column":0},"end":{"line":16,"column":1}},{"start":{"line":12,"column":0},"end":{"line":16,"column":1}}],"line":12},"2":{"loc":{"start":{"line":21,"column":11},"end":{"line":21,"column":89}},"type":"binary-expr","locations":[{"start":{"line":21,"column":12},"end":{"line":21,"column":35}},{"start":{"line":21,"column":41},"end":{"line":21,"column":58}},{"start":{"line":21,"column":64},"end":{"line":21,"column":88}}],"line":21},"3":{"loc":{"start":{"line":29,"column":2},"end":{"line":31,"column":3}},"type":"if","locations":[{"start":{"line":29,"column":2},"end":{"line":31,"column":3}},{"start":{"line":29,"column":2},"end":{"line":31,"column":3}}],"line":29}},"s":{"0":4,"1":4,"2":4,"3":4,"4":4,"5":4,"6":4,"7":4,"8":0,"9":4,"10":4,"11":12,"12":8,"13":8,"14":4,"15":8,"16":8,"17":4,"18":4,"19":4,"20":0,"21":4,"22":4,"23":4},"f":{"0":12,"1":8,"2":8},"b":{"0":[4,0],"1":[0,4],"2":[12,12,8],"3":[8,0]},"_coverageSchema":"1a1c01bbd47fc00a2c39e90264f33305004495a9","hash":"f8277ab11abb6da06a45e3c02bb71d2ef9332b3e"}
,"C:\\web developement\\blog\\models\\post.js": {"path":"C:\\web developement\\blog\\models\\post.js","statementMap":{"0":{"start":{"line":4,"column":4},"end":{"line":4,"column":24}},"1":{"start":{"line":5,"column":0},"end":{"line":26,"column":2}},"2":{"start":{"line":16,"column":2},"end":{"line":24,"column":5}},"3":{"start":{"line":25,"column":2},"end":{"line":25,"column":14}}},"fnMap":{"0":{"name":"(anonymous_0)","decl":{"start":{"line":5,"column":17},"end":{"line":5,"column":18}},"loc":{"start":{"line":5,"column":43},"end":{"line":26,"column":1}},"line":5},"1":{"name":"(anonymous_1)","decl":{"start":{"line":12,"column":4},"end":{"line":12,"column":5}},"loc":{"start":{"line":12,"column":29},"end":{"line":14,"column":5}},"line":12}},"branchMap":{},"s":{"0":4,"1":4,"2":4,"3":4},"f":{"0":4,"1":4},"b":{},"_coverageSchema":"1a1c01bbd47fc00a2c39e90264f33305004495a9","hash":"9e73d7e36f925b863aa18ffb4892b16e0a75038b"}
,"C:\\web developement\\blog\\models\\user.js": {"path":"C:\\web developement\\blog\\models\\user.js","statementMap":{"0":{"start":{"line":4,"column":4},"end":{"line":4,"column":24}},"1":{"start":{"line":5,"column":0},"end":{"line":25,"column":2}},"2":{"start":{"line":16,"column":2},"end":{"line":23,"column":5}},"3":{"start":{"line":24,"column":2},"end":{"line":24,"column":14}}},"fnMap":{"0":{"name":"(anonymous_0)","decl":{"start":{"line":5,"column":17},"end":{"line":5,"column":18}},"loc":{"start":{"line":5,"column":43},"end":{"line":25,"column":1}},"line":5},"1":{"name":"(anonymous_1)","decl":{"start":{"line":12,"column":4},"end":{"line":12,"column":5}},"loc":{"start":{"line":12,"column":29},"end":{"line":14,"column":5}},"line":12}},"branchMap":{},"s":{"0":4,"1":4,"2":4,"3":4},"f":{"0":4,"1":4},"b":{},"_coverageSchema":"1a1c01bbd47fc00a2c39e90264f33305004495a9","hash":"00dece1a65b642779dc8fce6bafffca99b882993"}
,"C:\\web developement\\blog\\routes\\index.js": {"path":"C:\\web developement\\blog\\routes\\index.js","statementMap":{"0":{"start":{"line":1,"column":14},"end":{"line":1,"column":32}},"1":{"start":{"line":2,"column":13},"end":{"line":2,"column":29}},"2":{"start":{"line":3,"column":18},"end":{"line":3,"column":36}},"3":{"start":{"line":4,"column":18},"end":{"line":4,"column":36}},"4":{"start":{"line":6,"column":0},"end":{"line":8,"column":3}},"5":{"start":{"line":7,"column":4},"end":{"line":7,"column":22}},"6":{"start":{"line":9,"column":0},"end":{"line":9,"column":34}},"7":{"start":{"line":10,"column":0},"end":{"line":10,"column":34}},"8":{"start":{"line":11,"column":0},"end":{"line":11,"column":24}}},"fnMap":{"0":{"name":"(anonymous_0)","decl":{"start":{"line":6,"column":16},"end":{"line":6,"column":17}},"loc":{"start":{"line":6,"column":42},"end":{"line":8,"column":1}},"line":6}},"branchMap":{},"s":{"0":2,"1":2,"2":2,"3":2,"4":2,"5":0,"6":2,"7":2,"8":2},"f":{"0":0},"b":{},"_coverageSchema":"1a1c01bbd47fc00a2c39e90264f33305004495a9","hash":"1973fd6458bfec1bcc2cfe0f6771d4ef1dc6be77"}
,"C:\\web developement\\blog\\routes\\posts.js": {"path":"C:\\web developement\\blog\\routes\\posts.js","statementMap":{"0":{"start":{"line":1,"column":14},"end":{"line":1,"column":32}},"1":{"start":{"line":2,"column":23},"end":{"line":2,"column":62}},"2":{"start":{"line":3,"column":13},"end":{"line":3,"column":29}},"3":{"start":{"line":4,"column":24},"end":{"line":4,"column":66}},"4":{"start":{"line":6,"column":0},"end":{"line":6,"column":63}},"5":{"start":{"line":8,"column":0},"end":{"line":8,"column":41}},"6":{"start":{"line":10,"column":0},"end":{"line":10,"column":50}},"7":{"start":{"line":12,"column":0},"end":{"line":12,"column":66}},"8":{"start":{"line":14,"column":0},"end":{"line":14,"column":69}},"9":{"start":{"line":16,"column":0},"end":{"line":16,"column":24}}},"fnMap":{},"branchMap":{},"s":{"0":2,"1":2,"2":2,"3":2,"4":2,"5":2,"6":2,"7":2,"8":2,"9":2},"f":{},"b":{},"_coverageSchema":"1a1c01bbd47fc00a2c39e90264f33305004495a9","hash":"847c87086e7d9f0b2a3a620c7040837843bd373b"}
,"C:\\web developement\\blog\\routes\\users.js": {"path":"C:\\web developement\\blog\\routes\\users.js","statementMap":{"0":{"start":{"line":1,"column":14},"end":{"line":1,"column":32}},"1":{"start":{"line":2,"column":23},"end":{"line":2,"column":62}},"2":{"start":{"line":3,"column":13},"end":{"line":3,"column":29}},"3":{"start":{"line":5,"column":0},"end":{"line":5,"column":44}},"4":{"start":{"line":7,"column":0},"end":{"line":7,"column":48}},"5":{"start":{"line":9,"column":0},"end":{"line":9,"column":24}}},"fnMap":{},"branchMap":{},"s":{"0":2,"1":2,"2":2,"3":2,"4":2,"5":2},"f":{},"b":{},"_coverageSchema":"1a1c01bbd47fc00a2c39e90264f33305004495a9","hash":"e23a8649a8f649687d3211a869d4fa1b6b37f1fa"}
,"C:\\web developement\\blog\\utils\\contentNegotiation.js": {"path":"C:\\web developement\\blog\\utils\\contentNegotiation.js","statementMap":{"0":{"start":{"line":1,"column":18},"end":{"line":1,"column":38}},"1":{"start":{"line":2,"column":15},"end":{"line":2,"column":34}},"2":{"start":{"line":4,"column":2},"end":{"line":30,"column":5}},"3":{"start":{"line":6,"column":6},"end":{"line":6,"column":21}},"4":{"start":{"line":9,"column":21},"end":{"line":16,"column":7}},"5":{"start":{"line":17,"column":6},"end":{"line":17,"column":46}},"6":{"start":{"line":18,"column":6},"end":{"line":18,"column":21}},"7":{"start":{"line":21,"column":6},"end":{"line":21,"column":21}},"8":{"start":{"line":25,"column":6},"end":{"line":25,"column":34}},"9":{"start":{"line":26,"column":6},"end":{"line":26,"column":30}},"10":{"start":{"line":27,"column":6},"end":{"line":27,"column":28}},"11":{"start":{"line":28,"column":6},"end":{"line":28,"column":21}},"12":{"start":{"line":33,"column":0},"end":{"line":33,"column":36}}},"fnMap":{"0":{"name":"contentNegotiation","decl":{"start":{"line":3,"column":9},"end":{"line":3,"column":27}},"loc":{"start":{"line":3,"column":39},"end":{"line":31,"column":1}},"line":3},"1":{"name":"(anonymous_1)","decl":{"start":{"line":5,"column":18},"end":{"line":5,"column":19}},"loc":{"start":{"line":5,"column":30},"end":{"line":7,"column":5}},"line":5},"2":{"name":"(anonymous_2)","decl":{"start":{"line":8,"column":17},"end":{"line":8,"column":18}},"loc":{"start":{"line":8,"column":29},"end":{"line":19,"column":5}},"line":8},"3":{"name":"(anonymous_3)","decl":{"start":{"line":20,"column":24},"end":{"line":20,"column":25}},"loc":{"start":{"line":20,"column":36},"end":{"line":22,"column":5}},"line":20},"4":{"name":"(anonymous_4)","decl":{"start":{"line":23,"column":23},"end":{"line":23,"column":24}},"loc":{"start":{"line":23,"column":29},"end":{"line":29,"column":5}},"line":23}},"branchMap":{},"s":{"0":3,"1":3,"2":10,"3":2,"4":1,"5":1,"6":1,"7":4,"8":1,"9":1,"10":1,"11":1,"12":3},"f":{"0":10,"1":2,"2":1,"3":4,"4":1},"b":{},"_coverageSchema":"1a1c01bbd47fc00a2c39e90264f33305004495a9","hash":"a584ac479b6ef202a984a35aa216f7747fe18179"}
,"C:\\web developement\\blog\\utils\\generateToken.js": {"path":"C:\\web developement\\blog\\utils\\generateToken.js","statementMap":{"0":{"start":{"line":1,"column":12},"end":{"line":1,"column":35}},"1":{"start":{"line":2,"column":15},"end":{"line":2,"column":32}},"2":{"start":{"line":3,"column":0},"end":{"line":3,"column":16}},"3":{"start":{"line":4,"column":13},"end":{"line":4,"column":37}},"4":{"start":{"line":5,"column":0},"end":{"line":11,"column":2}},"5":{"start":{"line":7,"column":4},"end":{"line":7,"column":76}}},"fnMap":{"0":{"name":"(anonymous_0)","decl":{"start":{"line":6,"column":23},"end":{"line":6,"column":24}},"loc":{"start":{"line":6,"column":44},"end":{"line":8,"column":3}},"line":6}},"branchMap":{},"s":{"0":3,"1":3,"2":3,"3":3,"4":3,"5":4},"f":{"0":4},"b":{},"_coverageSchema":"1a1c01bbd47fc00a2c39e90264f33305004495a9","hash":"d2acf3187976cfbef68e245944e8ac46cfb9c247"}
}
