TN:
SF:app.js
FN:11,(anonymous_0)
FNF:1
FNH:1
FNDA:1,(anonymous_0)
DA:1,2
DA:2,2
DA:3,2
DA:4,2
DA:5,2
DA:6,2
DA:7,2
DA:9,2
DA:11,2
DA:12,2
DA:13,2
DA:14,2
DA:15,2
DA:16,2
LF:14
LH:14
BRF:0
BRH:0
end_of_record
TN:
SF:controller\postController.js
FN:8,(anonymous_0)
FN:34,(anonymous_1)
FN:50,(anonymous_2)
FN:69,(anonymous_3)
FN:88,(anonymous_4)
FNF:5
FNH:5
FNDA:3,(anonymous_0)
FNDA:9,(anonymous_1)
FNDA:4,(anonymous_2)
FNDA:3,(anonymous_3)
FNDA:3,(anonymous_4)
DA:1,3
DA:2,3
DA:3,3
DA:4,3
DA:5,3
DA:6,3
DA:8,3
DA:9,3
DA:10,1
DA:11,1
DA:15,1
DA:17,2
DA:18,2
DA:19,2
DA:20,2
DA:26,2
DA:27,2
DA:34,3
DA:35,9
DA:36,9
DA:37,9
DA:38,8
DA:39,8
DA:42,1
DA:43,1
DA:50,3
DA:51,4
DA:56,4
DA:57,2
DA:58,2
DA:61,2
DA:62,2
DA:69,3
DA:71,3
DA:81,3
DA:82,2
DA:83,1
DA:84,1
DA:88,3
DA:90,3
DA:96,3
DA:97,2
DA:98,1
DA:99,1
LF:44
LH:44
BRDA:9,0,0,1
BRDA:9,0,1,2
BRDA:9,1,0,3
BRDA:9,1,1,3
BRDA:37,2,0,8
BRDA:37,2,1,1
BRDA:56,3,0,2
BRDA:56,3,1,2
BRDA:81,4,0,2
BRDA:81,4,1,1
BRDA:96,5,0,2
BRDA:96,5,1,1
BRF:12
BRH:12
end_of_record
TN:
SF:controller\userController.js
FN:8,(anonymous_0)
FN:37,(anonymous_1)
FNF:2
FNH:2
FNDA:6,(anonymous_0)
FNDA:6,(anonymous_1)
DA:1,3
DA:2,3
DA:3,3
DA:4,3
DA:8,3
DA:9,6
DA:10,2
DA:11,2
DA:14,2
DA:16,4
DA:24,4
DA:25,2
DA:26,2
DA:27,2
DA:28,2
DA:32,2
DA:33,2
DA:34,2
DA:37,3
DA:38,6
DA:39,1
DA:40,1
DA:43,1
DA:45,5
DA:51,5
DA:52,3
DA:53,3
DA:54,3
DA:59,2
DA:60,2
DA:61,2
DA:62,2
LF:32
LH:32
BRDA:9,0,0,2
BRDA:9,0,1,4
BRDA:9,1,0,6
BRDA:9,1,1,6
BRDA:24,2,0,2
BRDA:24,2,1,2
BRDA:38,3,0,1
BRDA:38,3,1,5
BRDA:38,4,0,6
BRDA:38,4,1,6
BRDA:51,5,0,3
BRDA:51,5,1,2
BRF:12
BRH:12
end_of_record
TN:
SF:middleware\authenticateToken.js
FN:2,authenticateToken
FN:5,(anonymous_1)
FNF:2
FNH:2
FNDA:7,authenticateToken
FNDA:6,(anonymous_1)
DA:1,2
DA:3,7
DA:4,7
DA:5,6
DA:6,6
DA:7,3
DA:8,3
DA:9,3
DA:12,2
LF:9
LH:9
BRDA:4,0,0,1
BRDA:4,0,1,6
BRDA:6,1,0,3
BRDA:6,1,1,3
BRF:4
BRH:4
end_of_record
TN:
SF:models\index.js
FN:20,(anonymous_0)
FN:23,(anonymous_1)
FN:28,(anonymous_2)
FNF:3
FNH:3
FNDA:12,(anonymous_0)
FNDA:8,(anonymous_1)
FNDA:8,(anonymous_2)
DA:3,4
DA:4,4
DA:5,4
DA:6,4
DA:7,4
DA:8,4
DA:9,4
DA:12,4
DA:13,0
DA:15,4
DA:18,4
DA:21,12
DA:24,8
DA:25,8
DA:28,4
DA:29,8
DA:30,8
DA:33,4
DA:34,4
DA:35,4
DA:37,0
DA:39,4
DA:40,4
DA:42,4
LF:24
LH:22
BRDA:7,0,0,4
BRDA:7,0,1,0
BRDA:12,1,0,0
BRDA:12,1,1,4
BRDA:21,2,0,12
BRDA:21,2,1,12
BRDA:21,2,2,8
BRDA:29,3,0,8
BRDA:29,3,1,0
BRF:9
BRH:6
end_of_record
TN:
SF:models\post.js
FN:5,(anonymous_0)
FN:12,(anonymous_1)
FNF:2
FNH:2
FNDA:4,(anonymous_0)
FNDA:4,(anonymous_1)
DA:4,4
DA:5,4
DA:16,4
DA:25,4
LF:4
LH:4
BRF:0
BRH:0
end_of_record
TN:
SF:models\user.js
FN:5,(anonymous_0)
FN:12,(anonymous_1)
FNF:2
FNH:2
FNDA:4,(anonymous_0)
FNDA:4,(anonymous_1)
DA:4,4
DA:5,4
DA:16,4
DA:24,4
LF:4
LH:4
BRF:0
BRH:0
end_of_record
TN:
SF:routes\index.js
FN:6,(anonymous_0)
FNF:1
FNH:0
FNDA:0,(anonymous_0)
DA:1,2
DA:2,2
DA:3,2
DA:4,2
DA:6,2
DA:7,0
DA:9,2
DA:10,2
DA:11,2
LF:9
LH:8
BRF:0
BRH:0
end_of_record
TN:
SF:routes\posts.js
FNF:0
FNH:0
DA:1,2
DA:2,2
DA:3,2
DA:4,2
DA:6,2
DA:8,2
DA:10,2
DA:12,2
DA:14,2
DA:16,2
LF:10
LH:10
BRF:0
BRH:0
end_of_record
TN:
SF:routes\users.js
FNF:0
FNH:0
DA:1,2
DA:2,2
DA:3,2
DA:5,2
DA:7,2
DA:9,2
LF:6
LH:6
BRF:0
BRH:0
end_of_record
TN:
SF:utils\contentNegotiation.js
FN:3,contentNegotiation
FN:5,(anonymous_1)
FN:8,(anonymous_2)
FN:20,(anonymous_3)
FN:23,(anonymous_4)
FNF:5
FNH:5
FNDA:10,contentNegotiation
FNDA:2,(anonymous_1)
FNDA:1,(anonymous_2)
FNDA:4,(anonymous_3)
FNDA:1,(anonymous_4)
DA:1,3
DA:2,3
DA:4,10
DA:6,2
DA:9,1
DA:17,1
DA:18,1
DA:21,4
DA:25,1
DA:26,1
DA:27,1
DA:28,1
DA:33,3
LF:13
LH:13
BRF:0
BRH:0
end_of_record
TN:
SF:utils\generateToken.js
FN:6,(anonymous_0)
FNF:1
FNH:1
FNDA:4,(anonymous_0)
DA:1,3
DA:2,3
DA:3,3
DA:4,3
DA:5,3
DA:7,4
LF:6
LH:6
BRF:0
BRH:0
end_of_record
