TN:
SF:controller\postController.js
FN:8,(anonymous_0)
FN:34,(anonymous_1)
FN:50,(anonymous_2)
FN:69,(anonymous_3)
FN:88,(anonymous_4)
FNF:5
FNH:5
FNDA:2,(anonymous_0)
FNDA:2,(anonymous_1)
FNDA:2,(anonymous_2)
FNDA:2,(anonymous_3)
FNDA:2,(anonymous_4)
DA:1,1
DA:2,1
DA:3,1
DA:4,1
DA:5,1
DA:6,1
DA:8,1
DA:9,2
DA:10,1
DA:11,1
DA:15,1
DA:17,1
DA:18,1
DA:19,1
DA:20,1
DA:26,1
DA:27,1
DA:34,1
DA:35,2
DA:36,2
DA:37,2
DA:38,1
DA:39,1
DA:42,1
DA:43,1
DA:50,1
DA:51,2
DA:56,2
DA:57,1
DA:58,1
DA:61,1
DA:62,1
DA:69,1
DA:71,2
DA:81,2
DA:82,1
DA:83,1
DA:84,1
DA:88,1
DA:90,2
DA:96,2
DA:97,1
DA:98,1
DA:99,1
LF:44
LH:44
BRDA:9,0,0,1
BRDA:9,0,1,1
BRDA:9,1,0,2
BRDA:9,1,1,2
BRDA:37,2,0,1
BRDA:37,2,1,1
BRDA:56,3,0,1
BRDA:56,3,1,1
BRDA:81,4,0,1
BRDA:81,4,1,1
BRDA:96,5,0,1
BRDA:96,5,1,1
BRF:12
BRH:12
end_of_record
TN:
SF:controller\userController.js
FN:8,(anonymous_0)
FN:37,(anonymous_1)
FNF:2
FNH:2
FNDA:3,(anonymous_0)
FNDA:3,(anonymous_1)
DA:1,1
DA:2,1
DA:3,1
DA:4,1
DA:8,1
DA:9,3
DA:10,1
DA:11,1
DA:14,1
DA:16,2
DA:24,2
DA:25,1
DA:26,1
DA:27,1
DA:28,1
DA:32,1
DA:33,1
DA:34,1
DA:37,1
DA:38,3
DA:39,1
DA:40,1
DA:43,1
DA:45,2
DA:51,2
DA:52,1
DA:53,1
DA:54,1
DA:59,1
DA:60,1
DA:61,1
DA:62,1
LF:32
LH:32
BRDA:9,0,0,1
BRDA:9,0,1,2
BRDA:9,1,0,3
BRDA:9,1,1,3
BRDA:24,2,0,1
BRDA:24,2,1,1
BRDA:38,3,0,1
BRDA:38,3,1,2
BRDA:38,4,0,3
BRDA:38,4,1,3
BRDA:51,5,0,1
BRDA:51,5,1,1
BRF:12
BRH:12
end_of_record
TN:
SF:models\index.js
FN:20,(anonymous_0)
FN:23,(anonymous_1)
FN:28,(anonymous_2)
FNF:3
FNH:3
FNDA:6,(anonymous_0)
FNDA:4,(anonymous_1)
FNDA:4,(anonymous_2)
DA:3,2
DA:4,2
DA:5,2
DA:6,2
DA:7,2
DA:8,2
DA:9,2
DA:12,2
DA:13,0
DA:15,2
DA:18,2
DA:21,6
DA:24,4
DA:25,4
DA:28,2
DA:29,4
DA:30,4
DA:33,2
DA:34,2
DA:35,2
DA:37,0
DA:39,2
DA:40,2
DA:42,2
LF:24
LH:22
BRDA:7,0,0,2
BRDA:7,0,1,0
BRDA:12,1,0,0
BRDA:12,1,1,2
BRDA:21,2,0,6
BRDA:21,2,1,6
BRDA:21,2,2,4
BRDA:29,3,0,4
BRDA:29,3,1,0
BRF:9
BRH:6
end_of_record
TN:
SF:models\post.js
FN:5,(anonymous_0)
FN:12,(anonymous_1)
FNF:2
FNH:2
FNDA:2,(anonymous_0)
FNDA:2,(anonymous_1)
DA:4,2
DA:5,2
DA:16,2
DA:25,2
LF:4
LH:4
BRF:0
BRH:0
end_of_record
TN:
SF:models\user.js
FN:5,(anonymous_0)
FN:12,(anonymous_1)
FNF:2
FNH:2
FNDA:2,(anonymous_0)
FNDA:2,(anonymous_1)
DA:4,2
DA:5,2
DA:16,2
DA:24,2
LF:4
LH:4
BRF:0
BRH:0
end_of_record
TN:
SF:utils\contentNegotiation.js
FN:3,contentNegotiation
FN:5,(anonymous_1)
FN:8,(anonymous_2)
FN:20,(anonymous_3)
FN:23,(anonymous_4)
FN:30,(anonymous_5)
FNF:6
FNH:1
FNDA:2,contentNegotiation
FNDA:0,(anonymous_1)
FNDA:0,(anonymous_2)
FNDA:0,(anonymous_3)
FNDA:0,(anonymous_4)
FNDA:0,(anonymous_5)
DA:1,1
DA:2,1
DA:4,2
DA:6,0
DA:9,0
DA:17,0
DA:18,0
DA:21,0
DA:25,0
DA:26,0
DA:27,0
DA:28,0
DA:31,0
DA:36,1
LF:14
LH:4
BRF:0
BRH:0
end_of_record
TN:
SF:utils\generateToken.js
FN:6,(anonymous_0)
FNF:1
FNH:1
FNDA:2,(anonymous_0)
DA:1,1
DA:2,1
DA:3,1
DA:4,1
DA:5,1
DA:7,2
LF:6
LH:6
BRF:0
BRH:0
end_of_record
